Unity Editor version:    2020.3.21f1 (a38c86f6690f)
Branch:                  2020.3/staging
Build type:              Release
Batch mode:              YES
macOS version:           Version 11.3.1 (Build 20E241)
Darwin version:          20.4.0
Architecture:            x86_64
Running under Rosetta:   YES
Available memory:        16384 MB
Using pre-set license
Pro License: NO

COMMAND LINE ARGUMENTS:
/Applications/Unity/Hub/Editor/2020.3.21f1/Unity.app/Contents/MacOS/Unity
-adb2
-batchMode
-noUpm
-name
AssetImportWorker0
-projectPath
/Users/apple/Develop/Unity/My project (1)
-logFile
Logs/AssetImportWorker0.log
-srvPort
62999
Successfully changed project path to: /Users/apple/Develop/Unity/My project (1)
/Users/apple/Develop/Unity/My project (1)
Using Asset Import Pipeline V2.
Refreshing native plugins compatible for Editor in 27.79 ms, found 2 plugins.
Preloading 0 native plugins for Editor in 0.00 ms.
Initialize engine version: 2020.3.21f1 (a38c86f6690f)
[Subsystems] Discovering subsystems at path /Applications/Unity/Hub/Editor/2020.3.21f1/Unity.app/Contents/Resources/UnitySubsystems
[Subsystems] Discovering subsystems at path /Users/apple/Develop/Unity/My project (1)/Assets
GfxDevice: creating device client; threaded=0
2022-06-16 18:14:50.409 Unity[9677:610640] (null) preferred device: Apple M1 (high power)
2022-06-16 18:14:50.409 Unity[9677:610640] Metal devices available: 1
2022-06-16 18:14:50.409 Unity[9677:610640] 0: Apple M1 (high power)
2022-06-16 18:14:50.409 Unity[9677:610640] Forcing user selected device: Apple M1 (high power)
Initializing Metal device caps: Apple M1
Initialize mono
Mono path[0] = '/Applications/Unity/Hub/Editor/2020.3.21f1/Unity.app/Contents/Managed'
Mono path[1] = '/Applications/Unity/Hub/Editor/2020.3.21f1/Unity.app/Contents/MonoBleedingEdge/lib/mono/unityjit'
Mono config path = '/Applications/Unity/Hub/Editor/2020.3.21f1/Unity.app/Contents/MonoBleedingEdge/etc'
Using monoOptions --debugger-agent=transport=dt_socket,embedding=1,server=y,suspend=n,address=127.0.0.1:56677
Begin MonoManager ReloadAssembly
Registering precompiled unity dll's ...
Register platform support module: /Applications/Unity/Hub/Editor/2020.3.21f1/Unity.app/Contents/PlaybackEngines/MacStandaloneSupport/UnityEditor.OSXStandalone.Extensions.dll
Registered in 0.001682 seconds.
Native extension for OSXStandalone target not found
Refreshing native plugins compatible for Editor in 27.11 ms, found 2 plugins.
Preloading 0 native plugins for Editor in 0.00 ms.
Mono: successfully reloaded assembly
- Completed reload, in  2.656 seconds
Domain Reload Profiling:
	ReloadAssembly (2656ms)
		BeginReloadAssembly (74ms)
			ExecutionOrderSort (0ms)
			DisableScriptedObjects (0ms)
			BackupInstance (0ms)
			ReleaseScriptingObjects (0ms)
			CreateAndSetChildDomain (2ms)
		EndReloadAssembly (999ms)
			LoadAssemblies (72ms)
			RebuildTransferFunctionScriptingTraits (0ms)
			SetupTypeCache (181ms)
			ReleaseScriptCaches (0ms)
			RebuildScriptCaches (43ms)
			SetupLoadedEditorAssemblies (504ms)
				LogAssemblyErrors (0ms)
				InitializePlatformSupportModulesInManaged (9ms)
				SetLoadedEditorAssemblies (0ms)
				RefreshPlugins (27ms)
				BeforeProcessingInitializeOnLoad (28ms)
				ProcessInitializeOnLoadAttributes (329ms)
				ProcessInitializeOnLoadMethodAttributes (109ms)
				AfterProcessingInitializeOnLoad (0ms)
				EditorAssembliesLoaded (1ms)
			ExecutionOrderSort2 (0ms)
			AwakeInstancesAfterBackupRestoration (0ms)
Platform modules already initialized, skipping
Registering precompiled user dll's ...
Registered in 0.004167 seconds.
Begin MonoManager ReloadAssembly
Native extension for OSXStandalone target not found
Refreshing native plugins compatible for Editor in 0.31 ms, found 2 plugins.
Preloading 0 native plugins for Editor in 0.00 ms.
Mono: successfully reloaded assembly
- Completed reload, in  2.287 seconds
Domain Reload Profiling:
	ReloadAssembly (2290ms)
		BeginReloadAssembly (262ms)
			ExecutionOrderSort (0ms)
			DisableScriptedObjects (32ms)
			BackupInstance (0ms)
			ReleaseScriptingObjects (0ms)
			CreateAndSetChildDomain (40ms)
		EndReloadAssembly (1932ms)
			LoadAssemblies (189ms)
			RebuildTransferFunctionScriptingTraits (0ms)
			SetupTypeCache (323ms)
			ReleaseScriptCaches (1ms)
			RebuildScriptCaches (51ms)
			SetupLoadedEditorAssemblies (1103ms)
				LogAssemblyErrors (0ms)
				InitializePlatformSupportModulesInManaged (14ms)
				SetLoadedEditorAssemblies (2ms)
				RefreshPlugins (0ms)
				BeforeProcessingInitializeOnLoad (177ms)
				ProcessInitializeOnLoadAttributes (879ms)
				ProcessInitializeOnLoadMethodAttributes (30ms)
				AfterProcessingInitializeOnLoad (1ms)
				EditorAssembliesLoaded (0ms)
			ExecutionOrderSort2 (0ms)
			AwakeInstancesAfterBackupRestoration (33ms)
Platform modules already initialized, skipping
Validating Project structure ... 0.000083 seconds.
Shader import version has changed; will reimport all shaders...
Upgrading shader files ...0.000112 seconds.
Application.AssetDatabase Initial Script Refresh Start
RefreshInfo: InitialScriptRefreshV2(NoUpdateAssetOptions) scanfilter:  ... 1 filters
RefreshProfiler: Total: 0.000ms
Application.AssetDatabase Initial Script Refresh End
Application.AssetDatabase.Refresh Start
Application.AssetDatabase.Refresh End
RefreshInfo: StopAssetImportingV2(ForceSynchronousImport) scanfilter: 
RefreshProfiler: Total: 0.000ms
Launching external process: /Applications/Unity/Hub/Editor/2020.3.21f1/Unity.app/Contents/Tools/UnityShaderCompiler
Launched and connected shader compiler UnityShaderCompiler after 0.02 seconds
Initializing Unity extensions:
========================================================================
Worker process is ready to serve import requests
Refreshing native plugins compatible for Editor in 0.30 ms, found 2 plugins.
Preloading 0 native plugins for Editor in 0.00 ms.
Unloading 1489 Unused Serialized files (Serialized files now loaded: 0)
System memory in use before: 167.1 MB.
System memory in use after: 166.3 MB.

Unloading 80 unused Assets to reduce memory usage. Loaded Objects now: 1960.
Total: 2.888166 ms (FindLiveObjects: 0.104459 ms CreateObjectMapping: 0.034834 ms MarkObjects: 2.293083 ms  DeleteObjects: 0.454792 ms)

AssetImportParameters requested are different than current active one (requested -> active):
  custom:video-decoder-ogg-theora: a1e56fd34408186e4bbccfd4996cb3dc -> 
  custom:container-muxer-webm: aa71ff27fc2769a1b78a27578f13a17b -> 
  custom:container-demuxer-webm: 4f35f7cbe854078d1ac9338744f61a02 -> 
  custom:container-demuxer-ogg: 62fdf1f143b41e24485cea50d1cbac27 -> 
  custom:video-encoder-webm-vp8: eb34c28f22e8b96e1ab97ce403110664 -> 
  custom:framework-osx-AVFoundation: e770b220cccbd017edd2c1fefb359320 -> 
  custom:video-decoder-webm-vp8: 9c59270c3fd7afecdb556c50c9e8de78 -> 
  custom:audio-decoder-ogg-vorbis: bf7c407c2cedff20999df2af8eb42d56 -> 
  custom:audio-encoder-webm-vorbis: bf7c407c2cedff20999df2af8eb42d56 -> 
========================================================================
Received Import Request.
  path: Assets/Scenes/SampleScene.unity
  artifactKey: Guid(9fc0d4010bbf28b4594072e72b8655ab) Importer(815301076,1909f56bfc062723c751e8b465ee728b)
Start importing Assets/Scenes/SampleScene.unity using Guid(9fc0d4010bbf28b4594072e72b8655ab) Importer(815301076,1909f56bfc062723c751e8b465ee728b)  -> (artifact id: '85059f4f9e1a832ed95adaa0d25c5c4c') in 0.023904 seconds 
  Import took 0.026731 seconds .

========================================================================
Received Import Request.
  Time since last request: 73.798047 seconds.
  path: Assets/door_1.obj
  artifactKey: Guid(098fc3e1bc7c143688eddc0281db2f09) Importer(815301076,1909f56bfc062723c751e8b465ee728b)
Start importing Assets/door_1.obj using Guid(098fc3e1bc7c143688eddc0281db2f09) Importer(815301076,1909f56bfc062723c751e8b465ee728b)  -> (artifact id: '0cdba44c397a925f1f3783e880836055') in 1.338153 seconds 
  Import took 1.340629 seconds .

========================================================================
Received Import Request.
  Time since last request: 10338.294572 seconds.
  path: Assets
  artifactKey: Guid(00000000000000001000000000000000) Importer(815301076,1909f56bfc062723c751e8b465ee728b)
Start importing Assets using Guid(00000000000000001000000000000000) Importer(815301076,1909f56bfc062723c751e8b465ee728b)  -> (artifact id: '42d402b061de3733987d63b9cc3b64de') in 0.004770 seconds 
  Import took 0.042417 seconds .

========================================================================
Received Import Request.
  Time since last request: 50.604494 seconds.
  path: Assets/door_2.obj
  artifactKey: Guid(7807b9d451b15440aa20adffbc8805d6) Importer(815301076,1909f56bfc062723c751e8b465ee728b)
Start importing Assets/door_2.obj using Guid(7807b9d451b15440aa20adffbc8805d6) Importer(815301076,1909f56bfc062723c751e8b465ee728b)  -> (artifact id: 'edfdbb16dade4b9690f30e617dc22eae') in 0.090050 seconds 
  Import took 0.093962 seconds .

========================================================================
Received Import Request.
  Time since last request: 200.818721 seconds.
  path: Assets/New Material.mat
  artifactKey: Guid(15f5f455532374b4dbfa3ff1389b2b9c) Importer(815301076,1909f56bfc062723c751e8b465ee728b)
Start importing Assets/New Material.mat using Guid(15f5f455532374b4dbfa3ff1389b2b9c) Importer(815301076,1909f56bfc062723c751e8b465ee728b)  -> (artifact id: 'f4eaadf0407d61bbea973c240e12f561') in 0.609865 seconds 
  Import took 0.612699 seconds .

========================================================================
Received Import Request.
  Time since last request: 129.210241 seconds.
  path: Assets/door_1_initialShadingGroup_BaseColor.1001.png
  artifactKey: Guid(879efe38c1bc243b5a64a93adbbb00b7) Importer(815301076,1909f56bfc062723c751e8b465ee728b)
Start importing Assets/door_1_initialShadingGroup_BaseColor.1001.png using Guid(879efe38c1bc243b5a64a93adbbb00b7) Importer(815301076,1909f56bfc062723c751e8b465ee728b)  -> (artifact id: '5df5a873f4d76e5f79b14cde03c9aa90') in 0.472715 seconds 
  Import took 0.475238 seconds .

========================================================================
Received Import Request.
  Time since last request: 0.003300 seconds.
  path: Assets/door_1_initialShadingGroup_Height.1001.png
  artifactKey: Guid(8e0a71d90ee9c4bd885d7081e2f3a265) Importer(815301076,1909f56bfc062723c751e8b465ee728b)
Start importing Assets/door_1_initialShadingGroup_Height.1001.png using Guid(8e0a71d90ee9c4bd885d7081e2f3a265) Importer(815301076,1909f56bfc062723c751e8b465ee728b)  -> (artifact id: '614a83e7c6d0c1f4f0b1be90d89b8c89') in 0.006691 seconds 
  Import took 0.008557 seconds .

========================================================================
Received Import Request.
  Time since last request: 0.000255 seconds.
  path: Assets/door_1_initialShadingGroup_Metallic.1001.png
  artifactKey: Guid(38124ba9a78b94d6693abb78ecbc7623) Importer(815301076,1909f56bfc062723c751e8b465ee728b)
Start importing Assets/door_1_initialShadingGroup_Metallic.1001.png using Guid(38124ba9a78b94d6693abb78ecbc7623) Importer(815301076,1909f56bfc062723c751e8b465ee728b)  -> (artifact id: 'a61450bff4de9ae09588ff0ab3a94325') in 0.005975 seconds 
  Import took 0.007782 seconds .

========================================================================
Received Import Request.
  Time since last request: 0.000289 seconds.
  path: Assets/door_1_initialShadingGroup_Roughness.1001.png
  artifactKey: Guid(615179513e0b7447dbf3b745cc96719b) Importer(815301076,1909f56bfc062723c751e8b465ee728b)
Start importing Assets/door_1_initialShadingGroup_Roughness.1001.png using Guid(615179513e0b7447dbf3b745cc96719b) Importer(815301076,1909f56bfc062723c751e8b465ee728b)  -> (artifact id: 'ead9e9915eabb17b19c302769285e08b') in 0.005965 seconds 
  Import took 0.007962 seconds .

========================================================================
Received Import Request.
  Time since last request: 0.000261 seconds.
  path: Assets/door_1_initialShadingGroup_Normal.1001.png
  artifactKey: Guid(ae0c0ed94db3d489fa3e95363b074a70) Importer(815301076,1909f56bfc062723c751e8b465ee728b)
Start importing Assets/door_1_initialShadingGroup_Normal.1001.png using Guid(ae0c0ed94db3d489fa3e95363b074a70) Importer(815301076,1909f56bfc062723c751e8b465ee728b)  -> (artifact id: '8edc57f70888348f28009f80e4df98d6') in 0.005831 seconds 
  Import took 0.007410 seconds .

========================================================================
Received Import Request.
  Time since last request: 64.281286 seconds.
  path: Assets/NewSurfaceShader.shader
  artifactKey: Guid(fdfc9ca787bfb474db5b9971b24bbe2b) Importer(815301076,1909f56bfc062723c751e8b465ee728b)
Start importing Assets/NewSurfaceShader.shader using Guid(fdfc9ca787bfb474db5b9971b24bbe2b) Importer(815301076,1909f56bfc062723c751e8b465ee728b)  -> (artifact id: '156d3e551daa98f174c3269fbeb97cc4') in 0.210248 seconds 
  Import took 0.214329 seconds .

========================================================================
Received Import Request.
  Time since last request: 215.354358 seconds.
  path: Assets/New Material.mat
  artifactKey: Guid(15f5f455532374b4dbfa3ff1389b2b9c) Importer(815301076,1909f56bfc062723c751e8b465ee728b)
Start importing Assets/New Material.mat using Guid(15f5f455532374b4dbfa3ff1389b2b9c) Importer(815301076,1909f56bfc062723c751e8b465ee728b)  -> (artifact id: '746fbbe7b64d3b7ce466f3e08a8c05f5') in 0.150684 seconds 
  Import took 0.155512 seconds .

========================================================================
Received Import Request.
  Time since last request: 8.030997 seconds.
  path: Assets/door_1_initialShadingGroup_Normal.1001.png
  artifactKey: Guid(ae0c0ed94db3d489fa3e95363b074a70) Importer(815301076,1909f56bfc062723c751e8b465ee728b)
Start importing Assets/door_1_initialShadingGroup_Normal.1001.png using Guid(ae0c0ed94db3d489fa3e95363b074a70) Importer(815301076,1909f56bfc062723c751e8b465ee728b)  -> (artifact id: 'b7577acceb3051b04be1bb5238d1fdd1') in 0.031305 seconds 
  Import took 0.033870 seconds .

